2018-10-16 10:40:23 [main] INFO  AddCartSteps:50 - Opening Browser
2018-10-16 10:40:23 [main] INFO  AddCartSteps:51 -                
2018-10-16 10:40:30 [main] INFO  AddCartSteps:56 - Opening SignIn/Create Account Page
2018-10-16 10:40:30 [main] INFO  AddCartSteps:62 - email : successqhq51t8dmi@abctest.com
2018-10-16 10:40:30 [main] INFO  AddCartSteps:63 - password : Password@123
2018-10-16 10:40:35 [main] INFO  AddCartSteps:75 - Logging using email : successqhq51t8dmi@abctest.com
2018-10-16 10:40:35 [main] INFO  AddCartSteps:76 - password : Password@123
2018-10-16 10:40:38 [main] INFO  AddCartSteps:86 - Adding a dress with maximum price 
2018-10-16 10:40:41 [main] INFO  DressesPage:44 - The dress with maximum value : Printed Dress
$50.99
In stock
2018-10-16 10:41:06 [main] INFO  AddCartSteps:89 - Dress added to Cart
2018-10-16 10:41:06 [main] INFO  AddCartSteps:99 - Logging out of my account
2018-10-16 10:41:07 [main] INFO  AddCartSteps:101 - Closing the browser : 
2018-10-16 10:41:14 [main] INFO  AddCartSteps:50 - Opening Browser
2018-10-16 10:41:14 [main] INFO  AddCartSteps:51 -                
2018-10-16 10:41:19 [main] INFO  AddCartSteps:56 - Opening SignIn/Create Account Page
2018-10-16 10:41:19 [main] INFO  AddCartSteps:109 - Logging using email : successqhq51t8dmi@abctest.com
2018-10-16 10:41:19 [main] INFO  AddCartSteps:110 - password : Password@123
2018-10-16 10:41:22 [main] INFO  AddCartSteps:129 - Closing the browser : 
2018-10-16 10:41:28 [main] INFO  AddCartSteps:50 - Opening Browser
2018-10-16 10:41:28 [main] INFO  AddCartSteps:51 -                
2018-10-16 10:41:34 [main] INFO  AddCartSteps:56 - Opening SignIn/Create Account Page
2018-10-16 10:41:34 [main] INFO  AddCartSteps:137 - Logging using email : devadathpt@gmail.com
2018-10-16 10:41:34 [main] INFO  AddCartSteps:138 - password : Swaroopa@123
2018-10-16 10:41:38 [main] INFO  AddCartSteps:86 - Adding a dress with maximum price 
2018-10-16 10:41:40 [main] INFO  DressesPage:44 - The dress with maximum value : Printed Dress
$50.99
In stock
2018-10-16 10:42:05 [main] INFO  AddCartSteps:89 - Dress added to Cart
2018-10-16 10:42:05 [main] INFO  AddCartSteps:99 - Logging out of my account
2018-10-16 10:42:06 [main] INFO  AddCartSteps:101 - Closing the browser : 
2018-10-16 10:42:13 [main] INFO  AddCartSteps:50 - Opening Browser
2018-10-16 10:42:13 [main] INFO  AddCartSteps:51 -                
2018-10-16 10:42:21 [main] INFO  AddCartSteps:56 - Opening SignIn/Create Account Page
2018-10-16 10:42:21 [main] INFO  AddCartSteps:137 - Logging using email : devadathpt@gmail.com
2018-10-16 10:42:21 [main] INFO  AddCartSteps:138 - password : Swaroopa@123
2018-10-16 10:42:23 [main] INFO  AddCartSteps:129 - Closing the browser : 
2018-10-16 10:43:28 [main] INFO  AddCartSteps:50 - Opening Browser
2018-10-16 10:43:28 [main] INFO  AddCartSteps:51 -                
2018-10-16 10:43:34 [main] INFO  AddCartSteps:56 - Opening SignIn/Create Account Page
2018-10-16 10:43:34 [main] INFO  AddCartSteps:62 - email : successqxwn8tisd9@abctest.com
2018-10-16 10:43:34 [main] INFO  AddCartSteps:63 - password : Password@123
2018-10-16 10:43:39 [main] INFO  AddCartSteps:75 - Logging using email : successqxwn8tisd9@abctest.com
2018-10-16 10:43:39 [main] INFO  AddCartSteps:76 - password : Password@123
2018-10-16 10:43:42 [main] INFO  AddCartSteps:86 - Adding a dress with maximum price 
2018-10-16 10:43:44 [main] INFO  DressesPage:44 - The dress with maximum value : Printed Dress
$50.99
In stock
2018-10-16 10:44:09 [main] INFO  AddCartSteps:89 - Dress added to Cart
2018-10-16 10:44:09 [main] INFO  AddCartSteps:99 - Logging out of my account
2018-10-16 10:44:33 [main] INFO  AddCartSteps:50 - Opening Browser
2018-10-16 10:44:33 [main] INFO  AddCartSteps:51 -                
2018-10-16 10:44:38 [main] INFO  AddCartSteps:56 - Opening SignIn/Create Account Page
2018-10-16 10:44:38 [main] INFO  AddCartSteps:137 - Logging using email : devadathpt@gmail.com
2018-10-16 10:44:38 [main] INFO  AddCartSteps:138 - password : Swaroopa@123
2018-10-16 10:44:42 [main] INFO  AddCartSteps:86 - Adding a dress with maximum price 
2018-10-16 10:44:44 [main] INFO  DressesPage:44 - The dress with maximum value : Printed Dress
$50.99
In stock
2018-10-16 10:45:09 [main] INFO  AddCartSteps:89 - Dress added to Cart
2018-10-16 10:45:09 [main] INFO  AddCartSteps:99 - Logging out of my account
2018-10-16 10:45:10 [main] INFO  AddCartSteps:101 - Closing the browser : 
2018-10-16 10:45:18 [main] INFO  AddCartSteps:50 - Opening Browser
2018-10-16 10:45:18 [main] INFO  AddCartSteps:51 -                
2018-10-16 10:45:23 [main] INFO  AddCartSteps:56 - Opening SignIn/Create Account Page
2018-10-16 10:45:23 [main] INFO  AddCartSteps:137 - Logging using email : devadathpt@gmail.com
2018-10-16 10:45:23 [main] INFO  AddCartSteps:138 - password : Swaroopa@123
2018-10-16 10:45:25 [main] INFO  AddCartSteps:129 - Closing the browser : 
2018-10-16 10:51:20 [main] INFO  AddCartSteps:50 - Opening Browser
2018-10-16 10:51:20 [main] INFO  AddCartSteps:51 -                
2018-10-16 10:51:25 [main] INFO  AddCartSteps:56 - Opening SignIn/Create Account Page
2018-10-16 10:51:26 [main] INFO  AddCartSteps:62 - email : success1iaxnjlkdf@abctest.com
2018-10-16 10:51:26 [main] INFO  AddCartSteps:63 - password : Password@123
2018-10-16 10:51:32 [main] INFO  AddCartSteps:75 - Logging using email : success1iaxnjlkdf@abctest.com
2018-10-16 10:51:32 [main] INFO  AddCartSteps:76 - password : Password@123
2018-10-16 10:51:35 [main] INFO  AddCartSteps:86 - Adding a dress with maximum price 
2018-10-16 10:51:37 [main] INFO  DressesPage:44 - The dress with maximum value : Printed Dress
$50.99
In stock
2018-10-16 10:52:03 [main] INFO  AddCartSteps:89 - Dress added to Cart
2018-10-16 10:52:03 [main] INFO  AddCartSteps:99 - Logging out of my account
2018-10-16 10:52:04 [main] INFO  AddCartSteps:101 - Closing the browser : 
2018-10-16 10:52:11 [main] INFO  AddCartSteps:50 - Opening Browser
2018-10-16 10:52:11 [main] INFO  AddCartSteps:51 -                
2018-10-16 10:52:18 [main] INFO  AddCartSteps:56 - Opening SignIn/Create Account Page
2018-10-16 10:52:18 [main] INFO  AddCartSteps:109 - Logging using email : success1iaxnjlkdf@abctest.com
2018-10-16 10:52:18 [main] INFO  AddCartSteps:110 - password : Password@123
2018-10-16 10:52:21 [main] INFO  AddCartSteps:129 - Closing the browser : 
2018-10-16 10:52:28 [main] INFO  AddCartSteps:50 - Opening Browser
2018-10-16 10:52:28 [main] INFO  AddCartSteps:51 -                
2018-10-16 10:52:34 [main] INFO  AddCartSteps:56 - Opening SignIn/Create Account Page
2018-10-16 10:52:34 [main] INFO  AddCartSteps:137 - Logging using email : devadathpt@gmail.com
2018-10-16 10:52:34 [main] INFO  AddCartSteps:138 - password : Swaroopa@123
2018-10-16 10:52:37 [main] INFO  AddCartSteps:86 - Adding a dress with maximum price 
2018-10-16 10:52:39 [main] INFO  DressesPage:44 - The dress with maximum value : Printed Dress
$50.99
In stock
2018-10-16 10:53:05 [main] INFO  AddCartSteps:89 - Dress added to Cart
2018-10-16 10:53:05 [main] INFO  AddCartSteps:99 - Logging out of my account
2018-10-16 10:53:06 [main] INFO  AddCartSteps:101 - Closing the browser : 
2018-10-16 10:53:13 [main] INFO  AddCartSteps:50 - Opening Browser
2018-10-16 10:53:13 [main] INFO  AddCartSteps:51 -                
2018-10-16 10:53:22 [main] INFO  AddCartSteps:56 - Opening SignIn/Create Account Page
2018-10-16 10:53:22 [main] INFO  AddCartSteps:137 - Logging using email : devadathpt@gmail.com
2018-10-16 10:53:22 [main] INFO  AddCartSteps:138 - password : Swaroopa@123
2018-10-16 10:53:24 [main] INFO  AddCartSteps:129 - Closing the browser : 
2018-10-16 11:02:29 [main] INFO  AddCartSteps:50 - Opening Browser
2018-10-16 11:02:29 [main] INFO  AddCartSteps:51 -                
2018-10-16 11:02:35 [main] INFO  AddCartSteps:56 - Opening SignIn/Create Account Page
2018-10-16 11:02:35 [main] INFO  AddCartSteps:62 - email : successvbcd42n0y7@abctest.com
2018-10-16 11:02:35 [main] INFO  AddCartSteps:63 - password : Password@123
2018-10-16 11:02:41 [main] INFO  AddCartSteps:75 - Logging using email : successvbcd42n0y7@abctest.com
2018-10-16 11:02:41 [main] INFO  AddCartSteps:76 - password : Password@123
2018-10-16 11:02:45 [main] INFO  AddCartSteps:86 - Adding a dress with maximum price 
2018-10-16 11:02:47 [main] INFO  DressesPage:44 - The dress with maximum value : Printed Dress
$50.99
In stock
2018-10-16 11:03:13 [main] INFO  AddCartSteps:89 - Dress added to Cart
2018-10-16 11:03:13 [main] INFO  AddCartSteps:99 - Logging out of my account
2018-10-16 11:03:14 [main] INFO  AddCartSteps:101 - Closing the browser : 
2018-10-16 11:03:21 [main] INFO  AddCartSteps:50 - Opening Browser
2018-10-16 11:03:21 [main] INFO  AddCartSteps:51 -                
2018-10-16 11:03:27 [main] INFO  AddCartSteps:56 - Opening SignIn/Create Account Page
2018-10-16 11:03:27 [main] INFO  AddCartSteps:109 - Logging using email : successvbcd42n0y7@abctest.com
2018-10-16 11:03:27 [main] INFO  AddCartSteps:110 - password : Password@123
2018-10-16 11:03:29 [main] INFO  AddCartSteps:129 - Closing the browser : 
2018-10-16 11:03:36 [main] INFO  AddCartSteps:50 - Opening Browser
2018-10-16 11:03:36 [main] INFO  AddCartSteps:51 -                
2018-10-16 11:03:42 [main] INFO  AddCartSteps:56 - Opening SignIn/Create Account Page
2018-10-16 11:03:42 [main] INFO  AddCartSteps:137 - Logging using email : devadathpt@gmail.com
2018-10-16 11:03:42 [main] INFO  AddCartSteps:138 - password : Swaroopa@123
2018-10-16 11:03:45 [main] INFO  AddCartSteps:86 - Adding a dress with maximum price 
2018-10-16 11:03:47 [main] INFO  DressesPage:44 - The dress with maximum value : Printed Dress
$50.99
In stock
2018-10-16 11:04:12 [main] INFO  AddCartSteps:89 - Dress added to Cart
2018-10-16 11:04:12 [main] INFO  AddCartSteps:99 - Logging out of my account
2018-10-16 11:04:14 [main] INFO  AddCartSteps:101 - Closing the browser : 
2018-10-16 11:04:20 [main] INFO  AddCartSteps:50 - Opening Browser
2018-10-16 11:04:20 [main] INFO  AddCartSteps:51 -                
2018-10-16 11:04:25 [main] INFO  AddCartSteps:56 - Opening SignIn/Create Account Page
2018-10-16 11:04:25 [main] INFO  AddCartSteps:137 - Logging using email : devadathpt@gmail.com
2018-10-16 11:04:25 [main] INFO  AddCartSteps:138 - password : Swaroopa@123
2018-10-16 11:04:27 [main] INFO  AddCartSteps:129 - Closing the browser : 
